<?xml version="1.0" encoding="UTF-8"?>
<testng-results skipped="0" failed="0" ignored="0" total="1" passed="1">
  <reporter-output>
  </reporter-output>
  <suite name="Sanity Suite" duration-ms="5828" started-at="2021-06-26T05:35:10 UTC" finished-at="2021-06-26T05:35:16 UTC">
    <groups>
    </groups>
    <test name="MyApplicationTest" duration-ms="5828" started-at="2021-06-26T05:35:10 UTC" finished-at="2021-06-26T05:35:16 UTC">
      <class name="test.LoginTest">
        <test-method status="PASS" signature="setup()[pri:0, instance:test.LoginTest@2781e022]" name="setup" is-config="true" duration-ms="1958" started-at="2021-06-26T05:35:10 UTC" finished-at="2021-06-26T05:35:12 UTC">
          <reporter-output>
          </reporter-output>
        </test-method> <!-- setup -->
        <test-method status="PASS" signature="LoginTestCase(java.lang.String,java.lang.String)[pri:0, instance:test.LoginTest@2781e022]" name="LoginTestCase" duration-ms="3519" started-at="2021-06-26T05:35:12 UTC" finished-at="2021-06-26T05:35:16 UTC">
          <params>
            <param index="0">
              <value>
                <![CDATA[sugandha.khandelwal19@gmail.com]]>
              </value>
            </param>
            <param index="1">
              <value>
                <![CDATA[abssdf]]>
              </value>
            </param>
          </params>
          <reporter-output>
          </reporter-output>
        </test-method> <!-- LoginTestCase -->
        <test-method status="PASS" signature="TearDown()[pri:0, instance:test.LoginTest@2781e022]" name="TearDown" is-config="true" duration-ms="315" started-at="2021-06-26T05:35:16 UTC" finished-at="2021-06-26T05:35:16 UTC">
          <reporter-output>
          </reporter-output>
        </test-method> <!-- TearDown -->
      </class> <!-- test.LoginTest -->
    </test> <!-- MyApplicationTest -->
  </suite> <!-- Sanity Suite -->
</testng-results>
