<?xml version="1.0" encoding="UTF-8"?>
<testng-results skipped="0" failed="0" ignored="0" total="1" passed="1">
  <reporter-output>
  </reporter-output>
  <suite name="Sanity Suite" duration-ms="3954" started-at="2021-06-19T07:17:43 UTC" finished-at="2021-06-19T07:17:47 UTC">
    <groups>
      <group name="Regression">
        <method signature="LoginTest.Login(java.lang.String,java.lang.String)[pri:0, instance:test.LoginTest@4d95d2a2]" name="Login" class="test.LoginTest"/>
      </group> <!-- Regression -->
    </groups>
    <test name="MyApplicationTest" duration-ms="3954" started-at="2021-06-19T07:17:43 UTC" finished-at="2021-06-19T07:17:47 UTC">
      <class name="test.LoginTest">
        <test-method status="PASS" signature="setup()[pri:0, instance:test.LoginTest@4d95d2a2]" name="setup" is-config="true" duration-ms="1606" started-at="2021-06-19T07:17:43 UTC" finished-at="2021-06-19T07:17:45 UTC">
          <reporter-output>
          </reporter-output>
        </test-method> <!-- setup -->
        <test-method status="PASS" signature="Login(java.lang.String,java.lang.String)[pri:0, instance:test.LoginTest@4d95d2a2]" name="Login" duration-ms="2230" started-at="2021-06-19T07:17:45 UTC" finished-at="2021-06-19T07:17:47 UTC">
          <params>
            <param index="0">
              <value>
                <![CDATA[sugandha.khandelwal19@gmail.com]]>
              </value>
            </param>
            <param index="1">
              <value>
                <![CDATA[abssdf]]>
              </value>
            </param>
          </params>
          <reporter-output>
          </reporter-output>
        </test-method> <!-- Login -->
        <test-method status="PASS" signature="TearDown()[pri:0, instance:test.LoginTest@4d95d2a2]" name="TearDown" is-config="true" duration-ms="72" started-at="2021-06-19T07:17:47 UTC" finished-at="2021-06-19T07:17:47 UTC">
          <reporter-output>
          </reporter-output>
        </test-method> <!-- TearDown -->
      </class> <!-- test.LoginTest -->
    </test> <!-- MyApplicationTest -->
  </suite> <!-- Sanity Suite -->
</testng-results>
