<?xml version="1.0" encoding="UTF-8"?>
<!-- Generated by org.testng.reporters.JUnitReportReporter -->
<testsuite skipped="0" hostname="ip-172-31-64-72" name="test.Testcase2" tests="3" failures="0" timestamp="2021-06-19T06:11:55 UTC" time="0.015" errors="0">
  <testcase name="HomepageTest" time="0.012" classname="test.Testcase2"/>
  <system-out/>
  <testcase name="CartTest" time="0.001" classname="test.Testcase2"/>
  <system-out/>
  <testcase name="LogoutTest" time="0.002" classname="test.Testcase2"/>
  <system-out/>
</testsuite> <!-- test.Testcase2 -->
