<?xml version="1.0" encoding="UTF-8"?>
<!-- Generated by org.testng.reporters.JUnitReportReporter -->
<testsuite skipped="0" hostname="ip-172-31-64-72" name="shoppingApplication.addItemToCart" tests="2" failures="0" timestamp="2021-06-20T06:57:23 UTC" time="0.561" errors="0">
  <testcase name="login" time="0.458" classname="shoppingApplication.addItemToCart"/>
  <system-out/>
  <testcase name="addToCart" time="0.103" classname="shoppingApplication.addItemToCart"/>
  <system-out/>
</testsuite> <!-- shoppingApplication.addItemToCart -->
